<?xml version="1.0" encoding="UTF-8"?>
<testsuites name="jest tests" tests="5" failures="5" time="64.445">
  <testsuite name="undefined" errors="0" failures="5" skipped="0" timestamp="2021-03-08T15:16:32" time="34.067" tests="5">
    <testcase classname=" Should Add item to cart" name=" Should Add item to cart" time="0.078">
      
    </testcase>
  </testsuite>
</testsuites>